<!DOCTYPE html PUBLIC "-//W3C//DTD XHTML 1.1//EN" "http://www.w3.org/TR/xhtml11/DTD/xhtml11.dtd">
<html xmlns="http://www.w3.org/1999/xhtml"><head><title>TestNG Report</title><style type="text/css">table {margin-bottom:10px;border-collapse:collapse;empty-cells:show}th,td {border:1px solid #009;padding:.25em .5em}th {vertical-align:bottom}td {vertical-align:top}table a {font-weight:bold}.stripe td {background-color: #E6EBF9}.num {text-align:right}.passedodd td {background-color: #3F3}.passedeven td {background-color: #0A0}.skippedodd td {background-color: #DDD}.skippedeven td {background-color: #CCC}.failedodd td,.attn {background-color: #F33}.failedeven td,.stripe .attn {background-color: #D00}.stacktrace {white-space:pre;font-family:monospace}.totop {font-size:85%;text-align:center;border-bottom:2px solid #000}</style></head><body><table><tr><th>Test</th><th># Passed</th><th># Skipped</th><th># Failed</th><th>Time (ms)</th><th>Included Groups</th><th>Excluded Groups</th></tr><tr><th colspan="7">Default suite</th></tr><tr><td><a href="#t0">Default test</a></td><td class="num">23</td><td class="num">0</td><td class="num attn">6</td><td class="num">97</td><td></td><td></td></tr></table><table><thead><tr><th>Class</th><th>Method</th><th>Start</th><th>Time (ms)</th></tr></thead><tbody><tr><th colspan="4">Default suite</th></tr></tbody><tbody id="t0"><tr><th colspan="4">Default test &#8212; failed</th></tr><tr class="failedeven"><td rowspan="6">org.perova.TicTacToe.AppTest</td><td><a href="#m0">test_checkCrossesForWinner_WinnerIsInTheLeftCrossing</a></td><td rowspan="1">1422489184189</td><td rowspan="1">2</td></tr><tr class="failedeven"><td><a href="#m1">test_checkCrossesForWinner_WinnerIsInTheRightCrossing</a></td><td rowspan="1">1422489184194</td><td rowspan="1">1</td></tr><tr class="failedeven"><td><a href="#m2">test_goTo_Left_OneIsAWinnerInCrossing</a></td><td rowspan="1">1422489184214</td><td rowspan="1">0</td></tr><tr class="failedeven"><td><a href="#m3">test_goTo_Left_TwoIsAWinnerInCrossing</a></td><td rowspan="1">1422489184216</td><td rowspan="1">1</td></tr><tr class="failedeven"><td><a href="#m4">test_goTo_Right_OneIsAWinnerInLine</a></td><td rowspan="1">1422489184223</td><td rowspan="1">0</td></tr><tr class="failedeven"><td><a href="#m5">test_goTo_Right_TwoIsAWinnerInLine</a></td><td rowspan="1">1422489184225</td><td rowspan="1">1</td></tr><tr><th colspan="4">Default test &#8212; passed</th></tr><tr class="passedeven"><td rowspan="23">org.perova.TicTacToe.AppTest</td><td><a href="#m6">test_IsFieldSizeCorrect_CorrectFieldSize</a></td><td rowspan="1">1422489184153</td><td rowspan="1">21</td></tr><tr class="passedeven"><td><a href="#m7">test_checkColumnsForWinnerWinnerIsInTheLastColumn</a></td><td rowspan="1">1422489184175</td><td rowspan="1">0</td></tr><tr class="passedeven"><td><a href="#m8">test_checkColumnsForWinner_NoWinners</a></td><td rowspan="1">1422489184176</td><td rowspan="1">1</td></tr><tr class="passedeven"><td><a href="#m9">test_checkColumnsForWinner_WinnerIsInThe1stColumn</a></td><td rowspan="1">1422489184179</td><td rowspan="1">1</td></tr><tr class="passedeven"><td><a href="#m10">test_checkColumnsForWinner_WinnerIsInThe3rdColumn</a></td><td rowspan="1">1422489184181</td><td rowspan="1">1</td></tr><tr class="passedeven"><td><a href="#m11">test_checkColumnsForWinner_WinnerIsInTheCrossing</a></td><td rowspan="1">1422489184183</td><td rowspan="1">0</td></tr><tr class="passedeven"><td><a href="#m12">test_checkColumnsForWinner_WinnerIsInTheRow</a></td><td rowspan="1">1422489184184</td><td rowspan="1">1</td></tr><tr class="passedeven"><td><a href="#m13">test_checkCrossesForWinner_NoWinners</a></td><td rowspan="1">1422489184186</td><td rowspan="1">1</td></tr><tr class="passedeven"><td><a href="#m14">test_checkCrossesForWinner_WinnerIsInTheColumn</a></td><td rowspan="1">1422489184188</td><td rowspan="1">0</td></tr><tr class="passedeven"><td><a href="#m15">test_checkCrossesForWinner_WinnerIsInTheRow</a></td><td rowspan="1">1422489184197</td><td rowspan="1">1</td></tr><tr class="passedeven"><td><a href="#m16">test_checkRowsForWinner_NoWinners</a></td><td rowspan="1">1422489184198</td><td rowspan="1">1</td></tr><tr class="passedeven"><td><a href="#m17">test_checkRowsForWinner_WinnerIsInThe1stRow</a></td><td rowspan="1">1422489184200</td><td rowspan="1">1</td></tr><tr class="passedeven"><td><a href="#m18">test_checkRowsForWinner_WinnerIsInThe3rdRow</a></td><td rowspan="1">1422489184202</td><td rowspan="1">0</td></tr><tr class="passedeven"><td><a href="#m19">test_checkRowsForWinner_WinnerIsInTheColumn</a></td><td rowspan="1">1422489184203</td><td rowspan="1">1</td></tr><tr class="passedeven"><td><a href="#m20">test_checkRowsForWinner_WinnerIsInTheCrossing</a></td><td rowspan="1">1422489184205</td><td rowspan="1">0</td></tr><tr class="passedeven"><td><a href="#m21">test_checkRowsForWinner_WinnerIsInTheLastRow</a></td><td rowspan="1">1422489184207</td><td rowspan="1">1</td></tr><tr class="passedeven"><td><a href="#m22">test_goTo_Left_CurrentCellIsEmpty_MakeStepOutOfBoundary</a></td><td rowspan="1">1422489184209</td><td rowspan="1">1</td></tr><tr class="passedeven"><td><a href="#m23">test_goTo_Left_JustFourElementInLine</a></td><td rowspan="1">1422489184211</td><td rowspan="1">0</td></tr><tr class="passedeven"><td><a href="#m24">test_goTo_Left_JustOneElementInLine</a></td><td rowspan="1">1422489184212</td><td rowspan="1">1</td></tr><tr class="passedeven"><td><a href="#m25">test_goTo_Right_CurrentCellIsEmpty_MakeStepOutOfBoundary</a></td><td rowspan="1">1422489184219</td><td rowspan="1">0</td></tr><tr class="passedeven"><td><a href="#m26">test_goTo_Right_JustFourElementInLine</a></td><td rowspan="1">1422489184220</td><td rowspan="1">1</td></tr><tr class="passedeven"><td><a href="#m27">test_goTo_Right_JustOneElementInLine</a></td><td rowspan="1">1422489184221</td><td rowspan="1">1</td></tr><tr class="passedeven"><td><a href="#m28">test_isFieldSizeCorrect_IncorrectFieldSize</a></td><td rowspan="1">1422489184228</td><td rowspan="1">0</td></tr></tbody></table><h2>Default test</h2><h3 id="m0">org.perova.TicTacToe.AppTest#test_checkCrossesForWinner_WinnerIsInTheLeftCrossing</h3><table class="result"><tr><th>Exception</th></tr><tr><td><div class="stacktrace">java.lang.AssertionError: expected:&lt;1&gt; but was:&lt;0&gt;
	at org.testng.AssertJUnit.fail(AssertJUnit.java:59)
	at org.testng.AssertJUnit.failNotEquals(AssertJUnit.java:364)
	at org.testng.AssertJUnit.assertEquals(AssertJUnit.java:80)
	at org.testng.AssertJUnit.assertEquals(AssertJUnit.java:245)
	at org.testng.AssertJUnit.assertEquals(AssertJUnit.java:252)
	at org.perova.TicTacToe.AppTest.test_checkCrossesForWinner_WinnerIsInTheLeftCrossing(AppTest.java:450)
	at sun.reflect.NativeMethodAccessorImpl.invoke0(Native Method)
	at sun.reflect.NativeMethodAccessorImpl.invoke(NativeMethodAccessorImpl.java:62)
	at sun.reflect.DelegatingMethodAccessorImpl.invoke(DelegatingMethodAccessorImpl.java:43)
	at java.lang.reflect.Method.invoke(Method.java:483)
	at org.testng.internal.MethodInvocationHelper.invokeMethod(MethodInvocationHelper.java:84)
	at org.testng.internal.Invoker.invokeMethod(Invoker.java:714)
	at org.testng.internal.Invoker.invokeTestMethod(Invoker.java:901)
	at org.testng.internal.Invoker.invokeTestMethods(Invoker.java:1231)
	at org.testng.internal.TestMethodWorker.invokeTestMethods(TestMethodWorker.java:127)
	at org.testng.internal.TestMethodWorker.run(TestMethodWorker.java:111)
	at org.testng.TestRunner.privateRun(TestRunner.java:767)
	at org.testng.TestRunner.run(TestRunner.java:617)
	at org.testng.SuiteRunner.runTest(SuiteRunner.java:334)
	at org.testng.SuiteRunner.runSequentially(SuiteRunner.java:329)
	at org.testng.SuiteRunner.privateRun(SuiteRunner.java:291)
	at org.testng.SuiteRunner.run(SuiteRunner.java:240)
	at org.testng.SuiteRunnerWorker.runSuite(SuiteRunnerWorker.java:52)
	at org.testng.SuiteRunnerWorker.run(SuiteRunnerWorker.java:86)
	at org.testng.TestNG.runSuitesSequentially(TestNG.java:1224)
	at org.testng.TestNG.runSuitesLocally(TestNG.java:1149)
	at org.testng.TestNG.run(TestNG.java:1057)
	at org.testng.remote.RemoteTestNG.run(RemoteTestNG.java:111)
	at org.testng.remote.RemoteTestNG.initAndRun(RemoteTestNG.java:204)
	at org.testng.remote.RemoteTestNG.main(RemoteTestNG.java:175)
</div></td></tr></table><p class="totop"><a href="#summary">back to summary</a></p><h3 id="m1">org.perova.TicTacToe.AppTest#test_checkCrossesForWinner_WinnerIsInTheRightCrossing</h3><table class="result"><tr><th>Exception</th></tr><tr><td><div class="stacktrace">java.lang.AssertionError: expected:&lt;2&gt; but was:&lt;0&gt;
	at org.testng.AssertJUnit.fail(AssertJUnit.java:59)
	at org.testng.AssertJUnit.failNotEquals(AssertJUnit.java:364)
	at org.testng.AssertJUnit.assertEquals(AssertJUnit.java:80)
	at org.testng.AssertJUnit.assertEquals(AssertJUnit.java:245)
	at org.testng.AssertJUnit.assertEquals(AssertJUnit.java:252)
	at org.perova.TicTacToe.AppTest.test_checkCrossesForWinner_WinnerIsInTheRightCrossing(AppTest.java:467)
	at sun.reflect.NativeMethodAccessorImpl.invoke0(Native Method)
	at sun.reflect.NativeMethodAccessorImpl.invoke(NativeMethodAccessorImpl.java:62)
	at sun.reflect.DelegatingMethodAccessorImpl.invoke(DelegatingMethodAccessorImpl.java:43)
	at java.lang.reflect.Method.invoke(Method.java:483)
	at org.testng.internal.MethodInvocationHelper.invokeMethod(MethodInvocationHelper.java:84)
	at org.testng.internal.Invoker.invokeMethod(Invoker.java:714)
	at org.testng.internal.Invoker.invokeTestMethod(Invoker.java:901)
	at org.testng.internal.Invoker.invokeTestMethods(Invoker.java:1231)
	at org.testng.internal.TestMethodWorker.invokeTestMethods(TestMethodWorker.java:127)
	at org.testng.internal.TestMethodWorker.run(TestMethodWorker.java:111)
	at org.testng.TestRunner.privateRun(TestRunner.java:767)
	at org.testng.TestRunner.run(TestRunner.java:617)
	at org.testng.SuiteRunner.runTest(SuiteRunner.java:334)
	at org.testng.SuiteRunner.runSequentially(SuiteRunner.java:329)
	at org.testng.SuiteRunner.privateRun(SuiteRunner.java:291)
	at org.testng.SuiteRunner.run(SuiteRunner.java:240)
	at org.testng.SuiteRunnerWorker.runSuite(SuiteRunnerWorker.java:52)
	at org.testng.SuiteRunnerWorker.run(SuiteRunnerWorker.java:86)
	at org.testng.TestNG.runSuitesSequentially(TestNG.java:1224)
	at org.testng.TestNG.runSuitesLocally(TestNG.java:1149)
	at org.testng.TestNG.run(TestNG.java:1057)
	at org.testng.remote.RemoteTestNG.run(RemoteTestNG.java:111)
	at org.testng.remote.RemoteTestNG.initAndRun(RemoteTestNG.java:204)
	at org.testng.remote.RemoteTestNG.main(RemoteTestNG.java:175)
</div></td></tr></table><p class="totop"><a href="#summary">back to summary</a></p><h3 id="m2">org.perova.TicTacToe.AppTest#test_goTo_Left_OneIsAWinnerInCrossing</h3><table class="result"><tr><th>Exception</th></tr><tr><td><div class="stacktrace">java.lang.AssertionError: expected:&lt;1&gt; but was:&lt;0&gt;
	at org.testng.AssertJUnit.fail(AssertJUnit.java:59)
	at org.testng.AssertJUnit.failNotEquals(AssertJUnit.java:364)
	at org.testng.AssertJUnit.assertEquals(AssertJUnit.java:80)
	at org.testng.AssertJUnit.assertEquals(AssertJUnit.java:245)
	at org.testng.AssertJUnit.assertEquals(AssertJUnit.java:252)
	at org.perova.TicTacToe.AppTest.test_goTo_Left_OneIsAWinnerInCrossing(AppTest.java:204)
	at sun.reflect.NativeMethodAccessorImpl.invoke0(Native Method)
	at sun.reflect.NativeMethodAccessorImpl.invoke(NativeMethodAccessorImpl.java:62)
	at sun.reflect.DelegatingMethodAccessorImpl.invoke(DelegatingMethodAccessorImpl.java:43)
	at java.lang.reflect.Method.invoke(Method.java:483)
	at org.testng.internal.MethodInvocationHelper.invokeMethod(MethodInvocationHelper.java:84)
	at org.testng.internal.Invoker.invokeMethod(Invoker.java:714)
	at org.testng.internal.Invoker.invokeTestMethod(Invoker.java:901)
	at org.testng.internal.Invoker.invokeTestMethods(Invoker.java:1231)
	at org.testng.internal.TestMethodWorker.invokeTestMethods(TestMethodWorker.java:127)
	at org.testng.internal.TestMethodWorker.run(TestMethodWorker.java:111)
	at org.testng.TestRunner.privateRun(TestRunner.java:767)
	at org.testng.TestRunner.run(TestRunner.java:617)
	at org.testng.SuiteRunner.runTest(SuiteRunner.java:334)
	at org.testng.SuiteRunner.runSequentially(SuiteRunner.java:329)
	at org.testng.SuiteRunner.privateRun(SuiteRunner.java:291)
	at org.testng.SuiteRunner.run(SuiteRunner.java:240)
	at org.testng.SuiteRunnerWorker.runSuite(SuiteRunnerWorker.java:52)
	at org.testng.SuiteRunnerWorker.run(SuiteRunnerWorker.java:86)
	at org.testng.TestNG.runSuitesSequentially(TestNG.java:1224)
	at org.testng.TestNG.runSuitesLocally(TestNG.java:1149)
	at org.testng.TestNG.run(TestNG.java:1057)
	at org.testng.remote.RemoteTestNG.run(RemoteTestNG.java:111)
	at org.testng.remote.RemoteTestNG.initAndRun(RemoteTestNG.java:204)
	at org.testng.remote.RemoteTestNG.main(RemoteTestNG.java:175)
</div></td></tr></table><p class="totop"><a href="#summary">back to summary</a></p><h3 id="m3">org.perova.TicTacToe.AppTest#test_goTo_Left_TwoIsAWinnerInCrossing</h3><table class="result"><tr><th>Exception</th></tr><tr><td><div class="stacktrace">java.lang.AssertionError: expected:&lt;2&gt; but was:&lt;0&gt;
	at org.testng.AssertJUnit.fail(AssertJUnit.java:59)
	at org.testng.AssertJUnit.failNotEquals(AssertJUnit.java:364)
	at org.testng.AssertJUnit.assertEquals(AssertJUnit.java:80)
	at org.testng.AssertJUnit.assertEquals(AssertJUnit.java:245)
	at org.testng.AssertJUnit.assertEquals(AssertJUnit.java:252)
	at org.perova.TicTacToe.AppTest.test_goTo_Left_TwoIsAWinnerInCrossing(AppTest.java:224)
	at sun.reflect.NativeMethodAccessorImpl.invoke0(Native Method)
	at sun.reflect.NativeMethodAccessorImpl.invoke(NativeMethodAccessorImpl.java:62)
	at sun.reflect.DelegatingMethodAccessorImpl.invoke(DelegatingMethodAccessorImpl.java:43)
	at java.lang.reflect.Method.invoke(Method.java:483)
	at org.testng.internal.MethodInvocationHelper.invokeMethod(MethodInvocationHelper.java:84)
	at org.testng.internal.Invoker.invokeMethod(Invoker.java:714)
	at org.testng.internal.Invoker.invokeTestMethod(Invoker.java:901)
	at org.testng.internal.Invoker.invokeTestMethods(Invoker.java:1231)
	at org.testng.internal.TestMethodWorker.invokeTestMethods(TestMethodWorker.java:127)
	at org.testng.internal.TestMethodWorker.run(TestMethodWorker.java:111)
	at org.testng.TestRunner.privateRun(TestRunner.java:767)
	at org.testng.TestRunner.run(TestRunner.java:617)
	at org.testng.SuiteRunner.runTest(SuiteRunner.java:334)
	at org.testng.SuiteRunner.runSequentially(SuiteRunner.java:329)
	at org.testng.SuiteRunner.privateRun(SuiteRunner.java:291)
	at org.testng.SuiteRunner.run(SuiteRunner.java:240)
	at org.testng.SuiteRunnerWorker.runSuite(SuiteRunnerWorker.java:52)
	at org.testng.SuiteRunnerWorker.run(SuiteRunnerWorker.java:86)
	at org.testng.TestNG.runSuitesSequentially(TestNG.java:1224)
	at org.testng.TestNG.runSuitesLocally(TestNG.java:1149)
	at org.testng.TestNG.run(TestNG.java:1057)
	at org.testng.remote.RemoteTestNG.run(RemoteTestNG.java:111)
	at org.testng.remote.RemoteTestNG.initAndRun(RemoteTestNG.java:204)
	at org.testng.remote.RemoteTestNG.main(RemoteTestNG.java:175)
</div></td></tr></table><p class="totop"><a href="#summary">back to summary</a></p><h3 id="m4">org.perova.TicTacToe.AppTest#test_goTo_Right_OneIsAWinnerInLine</h3><table class="result"><tr><th>Exception</th></tr><tr><td><div class="stacktrace">java.lang.AssertionError: expected:&lt;1&gt; but was:&lt;0&gt;
	at org.testng.AssertJUnit.fail(AssertJUnit.java:59)
	at org.testng.AssertJUnit.failNotEquals(AssertJUnit.java:364)
	at org.testng.AssertJUnit.assertEquals(AssertJUnit.java:80)
	at org.testng.AssertJUnit.assertEquals(AssertJUnit.java:245)
	at org.testng.AssertJUnit.assertEquals(AssertJUnit.java:252)
	at org.perova.TicTacToe.AppTest.test_goTo_Right_OneIsAWinnerInLine(AppTest.java:103)
	at sun.reflect.NativeMethodAccessorImpl.invoke0(Native Method)
	at sun.reflect.NativeMethodAccessorImpl.invoke(NativeMethodAccessorImpl.java:62)
	at sun.reflect.DelegatingMethodAccessorImpl.invoke(DelegatingMethodAccessorImpl.java:43)
	at java.lang.reflect.Method.invoke(Method.java:483)
	at org.testng.internal.MethodInvocationHelper.invokeMethod(MethodInvocationHelper.java:84)
	at org.testng.internal.Invoker.invokeMethod(Invoker.java:714)
	at org.testng.internal.Invoker.invokeTestMethod(Invoker.java:901)
	at org.testng.internal.Invoker.invokeTestMethods(Invoker.java:1231)
	at org.testng.internal.TestMethodWorker.invokeTestMethods(TestMethodWorker.java:127)
	at org.testng.internal.TestMethodWorker.run(TestMethodWorker.java:111)
	at org.testng.TestRunner.privateRun(TestRunner.java:767)
	at org.testng.TestRunner.run(TestRunner.java:617)
	at org.testng.SuiteRunner.runTest(SuiteRunner.java:334)
	at org.testng.SuiteRunner.runSequentially(SuiteRunner.java:329)
	at org.testng.SuiteRunner.privateRun(SuiteRunner.java:291)
	at org.testng.SuiteRunner.run(SuiteRunner.java:240)
	at org.testng.SuiteRunnerWorker.runSuite(SuiteRunnerWorker.java:52)
	at org.testng.SuiteRunnerWorker.run(SuiteRunnerWorker.java:86)
	at org.testng.TestNG.runSuitesSequentially(TestNG.java:1224)
	at org.testng.TestNG.runSuitesLocally(TestNG.java:1149)
	at org.testng.TestNG.run(TestNG.java:1057)
	at org.testng.remote.RemoteTestNG.run(RemoteTestNG.java:111)
	at org.testng.remote.RemoteTestNG.initAndRun(RemoteTestNG.java:204)
	at org.testng.remote.RemoteTestNG.main(RemoteTestNG.java:175)
</div></td></tr></table><p class="totop"><a href="#summary">back to summary</a></p><h3 id="m5">org.perova.TicTacToe.AppTest#test_goTo_Right_TwoIsAWinnerInLine</h3><table class="result"><tr><th>Exception</th></tr><tr><td><div class="stacktrace">java.lang.AssertionError: expected:&lt;2&gt; but was:&lt;0&gt;
	at org.testng.AssertJUnit.fail(AssertJUnit.java:59)
	at org.testng.AssertJUnit.failNotEquals(AssertJUnit.java:364)
	at org.testng.AssertJUnit.assertEquals(AssertJUnit.java:80)
	at org.testng.AssertJUnit.assertEquals(AssertJUnit.java:245)
	at org.testng.AssertJUnit.assertEquals(AssertJUnit.java:252)
	at org.perova.TicTacToe.AppTest.test_goTo_Right_TwoIsAWinnerInLine(AppTest.java:123)
	at sun.reflect.NativeMethodAccessorImpl.invoke0(Native Method)
	at sun.reflect.NativeMethodAccessorImpl.invoke(NativeMethodAccessorImpl.java:62)
	at sun.reflect.DelegatingMethodAccessorImpl.invoke(DelegatingMethodAccessorImpl.java:43)
	at java.lang.reflect.Method.invoke(Method.java:483)
	at org.testng.internal.MethodInvocationHelper.invokeMethod(MethodInvocationHelper.java:84)
	at org.testng.internal.Invoker.invokeMethod(Invoker.java:714)
	at org.testng.internal.Invoker.invokeTestMethod(Invoker.java:901)
	at org.testng.internal.Invoker.invokeTestMethods(Invoker.java:1231)
	at org.testng.internal.TestMethodWorker.invokeTestMethods(TestMethodWorker.java:127)
	at org.testng.internal.TestMethodWorker.run(TestMethodWorker.java:111)
	at org.testng.TestRunner.privateRun(TestRunner.java:767)
	at org.testng.TestRunner.run(TestRunner.java:617)
	at org.testng.SuiteRunner.runTest(SuiteRunner.java:334)
	at org.testng.SuiteRunner.runSequentially(SuiteRunner.java:329)
	at org.testng.SuiteRunner.privateRun(SuiteRunner.java:291)
	at org.testng.SuiteRunner.run(SuiteRunner.java:240)
	at org.testng.SuiteRunnerWorker.runSuite(SuiteRunnerWorker.java:52)
	at org.testng.SuiteRunnerWorker.run(SuiteRunnerWorker.java:86)
	at org.testng.TestNG.runSuitesSequentially(TestNG.java:1224)
	at org.testng.TestNG.runSuitesLocally(TestNG.java:1149)
	at org.testng.TestNG.run(TestNG.java:1057)
	at org.testng.remote.RemoteTestNG.run(RemoteTestNG.java:111)
	at org.testng.remote.RemoteTestNG.initAndRun(RemoteTestNG.java:204)
	at org.testng.remote.RemoteTestNG.main(RemoteTestNG.java:175)
</div></td></tr></table><p class="totop"><a href="#summary">back to summary</a></p><h3 id="m6">org.perova.TicTacToe.AppTest#test_IsFieldSizeCorrect_CorrectFieldSize</h3><table class="result"></table><p class="totop"><a href="#summary">back to summary</a></p><h3 id="m7">org.perova.TicTacToe.AppTest#test_checkColumnsForWinnerWinnerIsInTheLastColumn</h3><table class="result"></table><p class="totop"><a href="#summary">back to summary</a></p><h3 id="m8">org.perova.TicTacToe.AppTest#test_checkColumnsForWinner_NoWinners</h3><table class="result"></table><p class="totop"><a href="#summary">back to summary</a></p><h3 id="m9">org.perova.TicTacToe.AppTest#test_checkColumnsForWinner_WinnerIsInThe1stColumn</h3><table class="result"></table><p class="totop"><a href="#summary">back to summary</a></p><h3 id="m10">org.perova.TicTacToe.AppTest#test_checkColumnsForWinner_WinnerIsInThe3rdColumn</h3><table class="result"></table><p class="totop"><a href="#summary">back to summary</a></p><h3 id="m11">org.perova.TicTacToe.AppTest#test_checkColumnsForWinner_WinnerIsInTheCrossing</h3><table class="result"></table><p class="totop"><a href="#summary">back to summary</a></p><h3 id="m12">org.perova.TicTacToe.AppTest#test_checkColumnsForWinner_WinnerIsInTheRow</h3><table class="result"></table><p class="totop"><a href="#summary">back to summary</a></p><h3 id="m13">org.perova.TicTacToe.AppTest#test_checkCrossesForWinner_NoWinners</h3><table class="result"></table><p class="totop"><a href="#summary">back to summary</a></p><h3 id="m14">org.perova.TicTacToe.AppTest#test_checkCrossesForWinner_WinnerIsInTheColumn</h3><table class="result"></table><p class="totop"><a href="#summary">back to summary</a></p><h3 id="m15">org.perova.TicTacToe.AppTest#test_checkCrossesForWinner_WinnerIsInTheRow</h3><table class="result"></table><p class="totop"><a href="#summary">back to summary</a></p><h3 id="m16">org.perova.TicTacToe.AppTest#test_checkRowsForWinner_NoWinners</h3><table class="result"></table><p class="totop"><a href="#summary">back to summary</a></p><h3 id="m17">org.perova.TicTacToe.AppTest#test_checkRowsForWinner_WinnerIsInThe1stRow</h3><table class="result"></table><p class="totop"><a href="#summary">back to summary</a></p><h3 id="m18">org.perova.TicTacToe.AppTest#test_checkRowsForWinner_WinnerIsInThe3rdRow</h3><table class="result"></table><p class="totop"><a href="#summary">back to summary</a></p><h3 id="m19">org.perova.TicTacToe.AppTest#test_checkRowsForWinner_WinnerIsInTheColumn</h3><table class="result"></table><p class="totop"><a href="#summary">back to summary</a></p><h3 id="m20">org.perova.TicTacToe.AppTest#test_checkRowsForWinner_WinnerIsInTheCrossing</h3><table class="result"></table><p class="totop"><a href="#summary">back to summary</a></p><h3 id="m21">org.perova.TicTacToe.AppTest#test_checkRowsForWinner_WinnerIsInTheLastRow</h3><table class="result"></table><p class="totop"><a href="#summary">back to summary</a></p><h3 id="m22">org.perova.TicTacToe.AppTest#test_goTo_Left_CurrentCellIsEmpty_MakeStepOutOfBoundary</h3><table class="result"></table><p class="totop"><a href="#summary">back to summary</a></p><h3 id="m23">org.perova.TicTacToe.AppTest#test_goTo_Left_JustFourElementInLine</h3><table class="result"></table><p class="totop"><a href="#summary">back to summary</a></p><h3 id="m24">org.perova.TicTacToe.AppTest#test_goTo_Left_JustOneElementInLine</h3><table class="result"></table><p class="totop"><a href="#summary">back to summary</a></p><h3 id="m25">org.perova.TicTacToe.AppTest#test_goTo_Right_CurrentCellIsEmpty_MakeStepOutOfBoundary</h3><table class="result"></table><p class="totop"><a href="#summary">back to summary</a></p><h3 id="m26">org.perova.TicTacToe.AppTest#test_goTo_Right_JustFourElementInLine</h3><table class="result"></table><p class="totop"><a href="#summary">back to summary</a></p><h3 id="m27">org.perova.TicTacToe.AppTest#test_goTo_Right_JustOneElementInLine</h3><table class="result"></table><p class="totop"><a href="#summary">back to summary</a></p><h3 id="m28">org.perova.TicTacToe.AppTest#test_isFieldSizeCorrect_IncorrectFieldSize</h3><table class="result"></table><p class="totop"><a href="#summary">back to summary</a></p></body></html>